ERROR - 2023-11-21 16:46:02 --> Error connecting to the database: mysqli_sql_exception: No such file or directory in /Users/owner/dev/utn/isw613/week9/codeigniter4/system/Database/MySQLi/Connection.php:185
Stack trace:
#0 /Users/owner/dev/utn/isw613/week9/codeigniter4/system/Database/MySQLi/Connection.php(185): mysqli->real_connect('localhost', 'root', 'root1234', 'php_web2', 3306, '', 0)
#1 /Users/owner/dev/utn/isw613/week9/codeigniter4/system/Database/BaseConnection.php(392): CodeIgniter\Database\MySQLi\Connection->connect(false)
#2 /Users/owner/dev/utn/isw613/week9/codeigniter4/system/Database/BaseConnection.php(575): CodeIgniter\Database\BaseConnection->initialize()
#3 /Users/owner/dev/utn/isw613/week9/codeigniter4/system/Database/BaseConnection.php(1410): CodeIgniter\Database\BaseConnection->query('SHOW TABLES FRO...')
#4 /Users/owner/dev/utn/isw613/week9/codeigniter4/system/Database/BaseConnection.php(1429): CodeIgniter\Database\BaseConnection->listTables()
#5 /Users/owner/dev/utn/isw613/week9/codeigniter4/system/Database/MigrationRunner.php(764): CodeIgniter\Database\BaseConnection->tableExists('migrations')
#6 /Users/owner/dev/utn/isw613/week9/codeigniter4/system/Database/MigrationRunner.php(168): CodeIgniter\Database\MigrationRunner->ensureTable()
#7 /Users/owner/dev/utn/isw613/week9/codeigniter4/system/Commands/Database/Migrate.php(84): CodeIgniter\Database\MigrationRunner->latest(NULL)
#8 /Users/owner/dev/utn/isw613/week9/codeigniter4/system/CLI/Commands.php(65): CodeIgniter\Commands\Database\Migrate->run(Array)
#9 /Users/owner/dev/utn/isw613/week9/codeigniter4/system/CLI/Console.php(46): CodeIgniter\CLI\Commands->run('migrate', Array)
#10 /Users/owner/dev/utn/isw613/week9/codeigniter4/spark(102): CodeIgniter\CLI\Console->run()
#11 {main}

Next CodeIgniter\Database\Exceptions\DatabaseException: No such file or directory in /Users/owner/dev/utn/isw613/week9/codeigniter4/system/Database/MySQLi/Connection.php:229
Stack trace:
#0 /Users/owner/dev/utn/isw613/week9/codeigniter4/system/Database/BaseConnection.php(392): CodeIgniter\Database\MySQLi\Connection->connect(false)
#1 /Users/owner/dev/utn/isw613/week9/codeigniter4/system/Database/BaseConnection.php(575): CodeIgniter\Database\BaseConnection->initialize()
#2 /Users/owner/dev/utn/isw613/week9/codeigniter4/system/Database/BaseConnection.php(1410): CodeIgniter\Database\BaseConnection->query('SHOW TABLES FRO...')
#3 /Users/owner/dev/utn/isw613/week9/codeigniter4/system/Database/BaseConnection.php(1429): CodeIgniter\Database\BaseConnection->listTables()
#4 /Users/owner/dev/utn/isw613/week9/codeigniter4/system/Database/MigrationRunner.php(764): CodeIgniter\Database\BaseConnection->tableExists('migrations')
#5 /Users/owner/dev/utn/isw613/week9/codeigniter4/system/Database/MigrationRunner.php(168): CodeIgniter\Database\MigrationRunner->ensureTable()
#6 /Users/owner/dev/utn/isw613/week9/codeigniter4/system/Commands/Database/Migrate.php(84): CodeIgniter\Database\MigrationRunner->latest(NULL)
#7 /Users/owner/dev/utn/isw613/week9/codeigniter4/system/CLI/Commands.php(65): CodeIgniter\Commands\Database\Migrate->run(Array)
#8 /Users/owner/dev/utn/isw613/week9/codeigniter4/system/CLI/Console.php(46): CodeIgniter\CLI\Commands->run('migrate', Array)
#9 /Users/owner/dev/utn/isw613/week9/codeigniter4/spark(102): CodeIgniter\CLI\Console->run()
#10 {main}
ERROR - 2023-11-21 16:49:35 --> mysqli_sql_exception: Table 'students' already exists in /Users/owner/dev/utn/isw613/week9/codeigniter4/system/Database/MySQLi/Connection.php:306
Stack trace:
#0 /Users/owner/dev/utn/isw613/week9/codeigniter4/system/Database/MySQLi/Connection.php(306): mysqli->query('CREATE TABLE `s...', 0)
#1 /Users/owner/dev/utn/isw613/week9/codeigniter4/system/Database/BaseConnection.php(693): CodeIgniter\Database\MySQLi\Connection->execute('CREATE TABLE `s...')
#2 /Users/owner/dev/utn/isw613/week9/codeigniter4/system/Database/BaseConnection.php(607): CodeIgniter\Database\BaseConnection->simpleQuery('CREATE TABLE `s...')
#3 /Users/owner/dev/utn/isw613/week9/codeigniter4/system/Database/Forge.php(546): CodeIgniter\Database\BaseConnection->query('CREATE TABLE `s...')
#4 /Users/owner/dev/utn/isw613/week9/codeigniter4/app/Database/Migrations/2023-11-14-040747_Student.php(35): CodeIgniter\Database\Forge->createTable('students')
#5 /Users/owner/dev/utn/isw613/week9/codeigniter4/system/Database/MigrationRunner.php(873): App\Database\Migrations\Student->up()
#6 /Users/owner/dev/utn/isw613/week9/codeigniter4/system/Database/MigrationRunner.php(188): CodeIgniter\Database\MigrationRunner->migrate('up', Object(stdClass))
#7 /Users/owner/dev/utn/isw613/week9/codeigniter4/system/Commands/Database/Migrate.php(84): CodeIgniter\Database\MigrationRunner->latest(NULL)
#8 /Users/owner/dev/utn/isw613/week9/codeigniter4/system/CLI/Commands.php(65): CodeIgniter\Commands\Database\Migrate->run(Array)
#9 /Users/owner/dev/utn/isw613/week9/codeigniter4/system/CLI/Console.php(46): CodeIgniter\CLI\Commands->run('migrate', Array)
#10 /Users/owner/dev/utn/isw613/week9/codeigniter4/spark(102): CodeIgniter\CLI\Console->run()
#11 {main}
ERROR - 2023-11-21 16:51:41 --> mysqli_sql_exception: Table 'careers' already exists in /Users/owner/dev/utn/isw613/week9/codeigniter4/system/Database/MySQLi/Connection.php:306
Stack trace:
#0 /Users/owner/dev/utn/isw613/week9/codeigniter4/system/Database/MySQLi/Connection.php(306): mysqli->query('CREATE TABLE `c...', 0)
#1 /Users/owner/dev/utn/isw613/week9/codeigniter4/system/Database/BaseConnection.php(693): CodeIgniter\Database\MySQLi\Connection->execute('CREATE TABLE `c...')
#2 /Users/owner/dev/utn/isw613/week9/codeigniter4/system/Database/BaseConnection.php(607): CodeIgniter\Database\BaseConnection->simpleQuery('CREATE TABLE `c...')
#3 /Users/owner/dev/utn/isw613/week9/codeigniter4/system/Database/Forge.php(546): CodeIgniter\Database\BaseConnection->query('CREATE TABLE `c...')
#4 /Users/owner/dev/utn/isw613/week9/codeigniter4/app/Database/Migrations/2023-11-21-165046_Careers.php(26): CodeIgniter\Database\Forge->createTable('careers')
#5 /Users/owner/dev/utn/isw613/week9/codeigniter4/system/Database/MigrationRunner.php(873): App\Database\Migrations\Careers->up()
#6 /Users/owner/dev/utn/isw613/week9/codeigniter4/system/Database/MigrationRunner.php(188): CodeIgniter\Database\MigrationRunner->migrate('up', Object(stdClass))
#7 /Users/owner/dev/utn/isw613/week9/codeigniter4/system/Commands/Database/Migrate.php(84): CodeIgniter\Database\MigrationRunner->latest(NULL)
#8 /Users/owner/dev/utn/isw613/week9/codeigniter4/system/CLI/Commands.php(65): CodeIgniter\Commands\Database\Migrate->run(Array)
#9 /Users/owner/dev/utn/isw613/week9/codeigniter4/system/CLI/Console.php(46): CodeIgniter\CLI\Commands->run('migrate', Array)
#10 /Users/owner/dev/utn/isw613/week9/codeigniter4/spark(102): CodeIgniter\CLI\Console->run()
#11 {main}
ERROR - 2023-11-21 16:52:28 --> mysqli_sql_exception: Table 'students' already exists in /Users/owner/dev/utn/isw613/week9/codeigniter4/system/Database/MySQLi/Connection.php:306
Stack trace:
#0 /Users/owner/dev/utn/isw613/week9/codeigniter4/system/Database/MySQLi/Connection.php(306): mysqli->query('CREATE TABLE `s...', 0)
#1 /Users/owner/dev/utn/isw613/week9/codeigniter4/system/Database/BaseConnection.php(693): CodeIgniter\Database\MySQLi\Connection->execute('CREATE TABLE `s...')
#2 /Users/owner/dev/utn/isw613/week9/codeigniter4/system/Database/BaseConnection.php(607): CodeIgniter\Database\BaseConnection->simpleQuery('CREATE TABLE `s...')
#3 /Users/owner/dev/utn/isw613/week9/codeigniter4/system/Database/Forge.php(546): CodeIgniter\Database\BaseConnection->query('CREATE TABLE `s...')
#4 /Users/owner/dev/utn/isw613/week9/codeigniter4/app/Database/Migrations/2023-11-14-040747_Student.php(35): CodeIgniter\Database\Forge->createTable('students')
#5 /Users/owner/dev/utn/isw613/week9/codeigniter4/system/Database/MigrationRunner.php(873): App\Database\Migrations\Student->up()
#6 /Users/owner/dev/utn/isw613/week9/codeigniter4/system/Database/MigrationRunner.php(188): CodeIgniter\Database\MigrationRunner->migrate('up', Object(stdClass))
#7 /Users/owner/dev/utn/isw613/week9/codeigniter4/system/Commands/Database/Migrate.php(84): CodeIgniter\Database\MigrationRunner->latest(NULL)
#8 /Users/owner/dev/utn/isw613/week9/codeigniter4/system/CLI/Commands.php(65): CodeIgniter\Commands\Database\Migrate->run(Array)
#9 /Users/owner/dev/utn/isw613/week9/codeigniter4/system/CLI/Console.php(46): CodeIgniter\CLI\Commands->run('migrate', Array)
#10 /Users/owner/dev/utn/isw613/week9/codeigniter4/spark(102): CodeIgniter\CLI\Console->run()
#11 {main}
ERROR - 2023-11-21 16:53:31 --> mysqli_sql_exception: Table 'students' already exists in /Users/owner/dev/utn/isw613/week9/codeigniter4/system/Database/MySQLi/Connection.php:306
Stack trace:
#0 /Users/owner/dev/utn/isw613/week9/codeigniter4/system/Database/MySQLi/Connection.php(306): mysqli->query('CREATE TABLE `s...', 0)
#1 /Users/owner/dev/utn/isw613/week9/codeigniter4/system/Database/BaseConnection.php(693): CodeIgniter\Database\MySQLi\Connection->execute('CREATE TABLE `s...')
#2 /Users/owner/dev/utn/isw613/week9/codeigniter4/system/Database/BaseConnection.php(607): CodeIgniter\Database\BaseConnection->simpleQuery('CREATE TABLE `s...')
#3 /Users/owner/dev/utn/isw613/week9/codeigniter4/system/Database/Forge.php(546): CodeIgniter\Database\BaseConnection->query('CREATE TABLE `s...')
#4 /Users/owner/dev/utn/isw613/week9/codeigniter4/app/Database/Migrations/2023-11-14-040747_Student.php(35): CodeIgniter\Database\Forge->createTable('students')
#5 /Users/owner/dev/utn/isw613/week9/codeigniter4/system/Database/MigrationRunner.php(873): App\Database\Migrations\Student->up()
#6 /Users/owner/dev/utn/isw613/week9/codeigniter4/system/Database/MigrationRunner.php(188): CodeIgniter\Database\MigrationRunner->migrate('up', Object(stdClass))
#7 /Users/owner/dev/utn/isw613/week9/codeigniter4/system/Commands/Database/Migrate.php(84): CodeIgniter\Database\MigrationRunner->latest(NULL)
#8 /Users/owner/dev/utn/isw613/week9/codeigniter4/system/CLI/Commands.php(65): CodeIgniter\Commands\Database\Migrate->run(Array)
#9 /Users/owner/dev/utn/isw613/week9/codeigniter4/system/CLI/Console.php(46): CodeIgniter\CLI\Commands->run('migrate', Array)
#10 /Users/owner/dev/utn/isw613/week9/codeigniter4/spark(102): CodeIgniter\CLI\Console->run()
#11 {main}
