CRITICAL - 2022-03-29 15:26:32 --> The framework needs the following extension(s) installed and loaded: intl.
#0 /Users/owner/dev/utn/isw613/codeigniter4-CodeIgniter4-202f41a/system/CodeIgniter.php(219): CodeIgniter\Exceptions\FrameworkException::forMissingExtension('intl')
#1 /Users/owner/dev/utn/isw613/codeigniter4-CodeIgniter4-202f41a/system/CodeIgniter.php(177): CodeIgniter\CodeIgniter->resolvePlatformExtensions()
#2 /Users/owner/dev/utn/isw613/codeigniter4-CodeIgniter4-202f41a/system/bootstrap.php(146): CodeIgniter\CodeIgniter->initialize()
#3 /Users/owner/dev/utn/isw613/codeigniter4-CodeIgniter4-202f41a/public/index.php(28): require('/Users/owner/de...')
#4 {main}
CRITICAL - 2022-03-29 15:27:46 --> The framework needs the following extension(s) installed and loaded: intl.
#0 /Users/owner/dev/utn/isw613/codeigniter4-CodeIgniter4-202f41a/system/CodeIgniter.php(219): CodeIgniter\Exceptions\FrameworkException::forMissingExtension('intl')
#1 /Users/owner/dev/utn/isw613/codeigniter4-CodeIgniter4-202f41a/system/CodeIgniter.php(177): CodeIgniter\CodeIgniter->resolvePlatformExtensions()
#2 /Users/owner/dev/utn/isw613/codeigniter4-CodeIgniter4-202f41a/system/bootstrap.php(146): CodeIgniter\CodeIgniter->initialize()
#3 /Users/owner/dev/utn/isw613/codeigniter4-CodeIgniter4-202f41a/public/index.php(28): require('/Users/owner/de...')
#4 {main}
CRITICAL - 2022-03-29 15:30:04 --> The framework needs the following extension(s) installed and loaded: intl.
#0 /Users/owner/dev/utn/isw613/codeigniter4-CodeIgniter4-202f41a/system/CodeIgniter.php(219): CodeIgniter\Exceptions\FrameworkException::forMissingExtension('intl')
#1 /Users/owner/dev/utn/isw613/codeigniter4-CodeIgniter4-202f41a/system/CodeIgniter.php(177): CodeIgniter\CodeIgniter->resolvePlatformExtensions()
#2 /Users/owner/dev/utn/isw613/codeigniter4-CodeIgniter4-202f41a/system/bootstrap.php(146): CodeIgniter\CodeIgniter->initialize()
#3 /Users/owner/dev/utn/isw613/codeigniter4-CodeIgniter4-202f41a/public/index.php(28): require('/Users/owner/de...')
#4 {main}
CRITICAL - 2022-03-29 15:30:05 --> The framework needs the following extension(s) installed and loaded: intl.
#0 /Users/owner/dev/utn/isw613/codeigniter4-CodeIgniter4-202f41a/system/CodeIgniter.php(219): CodeIgniter\Exceptions\FrameworkException::forMissingExtension('intl')
#1 /Users/owner/dev/utn/isw613/codeigniter4-CodeIgniter4-202f41a/system/CodeIgniter.php(177): CodeIgniter\CodeIgniter->resolvePlatformExtensions()
#2 /Users/owner/dev/utn/isw613/codeigniter4-CodeIgniter4-202f41a/system/bootstrap.php(146): CodeIgniter\CodeIgniter->initialize()
#3 /Users/owner/dev/utn/isw613/codeigniter4-CodeIgniter4-202f41a/public/index.php(28): require('/Users/owner/de...')
#4 {main}
CRITICAL - 2022-03-29 15:30:44 --> The framework needs the following extension(s) installed and loaded: intl.
#0 /Users/owner/dev/utn/isw613/codeigniter4-CodeIgniter4-202f41a/system/CodeIgniter.php(219): CodeIgniter\Exceptions\FrameworkException::forMissingExtension('intl')
#1 /Users/owner/dev/utn/isw613/codeigniter4-CodeIgniter4-202f41a/system/CodeIgniter.php(177): CodeIgniter\CodeIgniter->resolvePlatformExtensions()
#2 /Users/owner/dev/utn/isw613/codeigniter4-CodeIgniter4-202f41a/system/bootstrap.php(146): CodeIgniter\CodeIgniter->initialize()
#3 /Users/owner/dev/utn/isw613/codeigniter4-CodeIgniter4-202f41a/spark(45): require('/Users/owner/de...')
#4 {main}
CRITICAL - 2022-03-29 15:38:41 --> The framework needs the following extension(s) installed and loaded: intl.
#0 /Users/owner/dev/utn/isw613/codeigniter4/system/CodeIgniter.php(219): CodeIgniter\Exceptions\FrameworkException::forMissingExtension('intl')
#1 /Users/owner/dev/utn/isw613/codeigniter4/system/CodeIgniter.php(177): CodeIgniter\CodeIgniter->resolvePlatformExtensions()
#2 /Users/owner/dev/utn/isw613/codeigniter4/system/bootstrap.php(146): CodeIgniter\CodeIgniter->initialize()
#3 /Users/owner/dev/utn/isw613/codeigniter4/spark(45): require('/Users/owner/de...')
#4 {main}
CRITICAL - 2022-03-29 15:41:21 --> The framework needs the following extension(s) installed and loaded: intl.
#0 /Users/owner/dev/utn/isw613/codeigniter4/system/CodeIgniter.php(219): CodeIgniter\Exceptions\FrameworkException::forMissingExtension('intl')
#1 /Users/owner/dev/utn/isw613/codeigniter4/system/CodeIgniter.php(177): CodeIgniter\CodeIgniter->resolvePlatformExtensions()
#2 /Users/owner/dev/utn/isw613/codeigniter4/system/bootstrap.php(146): CodeIgniter\CodeIgniter->initialize()
#3 /Users/owner/dev/utn/isw613/codeigniter4/spark(45): require('/Users/owner/de...')
#4 {main}
CRITICAL - 2022-03-29 15:56:48 --> The framework needs the following extension(s) installed and loaded: intl.
#0 /Users/owner/dev/utn/isw613/codeigniter4/system/CodeIgniter.php(219): CodeIgniter\Exceptions\FrameworkException::forMissingExtension('intl')
#1 /Users/owner/dev/utn/isw613/codeigniter4/system/CodeIgniter.php(177): CodeIgniter\CodeIgniter->resolvePlatformExtensions()
#2 /Users/owner/dev/utn/isw613/codeigniter4/system/bootstrap.php(146): CodeIgniter\CodeIgniter->initialize()
#3 /Users/owner/dev/utn/isw613/codeigniter4/spark(45): require('/Users/owner/de...')
#4 {main}
CRITICAL - 2022-03-29 15:57:01 --> The framework needs the following extension(s) installed and loaded: intl.
#0 /Users/owner/dev/utn/isw613/codeigniter4/system/CodeIgniter.php(219): CodeIgniter\Exceptions\FrameworkException::forMissingExtension('intl')
#1 /Users/owner/dev/utn/isw613/codeigniter4/system/CodeIgniter.php(177): CodeIgniter\CodeIgniter->resolvePlatformExtensions()
#2 /Users/owner/dev/utn/isw613/codeigniter4/system/bootstrap.php(146): CodeIgniter\CodeIgniter->initialize()
#3 /Users/owner/dev/utn/isw613/codeigniter4/public/index.php(28): require('/Users/owner/de...')
#4 {main}
